<?xml version="1.0" encoding="UTF-8"?>
<!-- Generated by org.testng.reporters.JUnitXMLReporter -->
<testsuite hostname="DESKTOP-0AG0V8V" ignored="0" name="Test" tests="2" failures="0" timestamp="02 Jan 2020 13:53:58 GMT" time="115.031" errors="0">
  <testcase name="verify_iPhone_XR_64GB_yellow_price_Test" time="34.578" classname="com.testcases.iPhonePriceCheckerTest"/>
  <testcase name="verify_Write_a_review_for_the_given_input_Test" time="45.594" classname="com.testcases.TripAdviserTest"/>
</testsuite> <!-- Test -->
