<?xml version="1.0" encoding="UTF-8"?>
<testng-results skipped="0" failed="0" ignored="0" total="2" passed="2">
  <reporter-output>
    <line>
      <![CDATA[iPhone XR (64GB) - Yellow Price Result: ]]>
    </line>
    <line>
      <![CDATA[Amazon price(47900) is less than Flipkart price(53999)]]>
    </line>
    <line>
      <![CDATA[5 star rating given successfully]]>
    </line>
    <line>
      <![CDATA[Title of your review given successfully]]>
    </line>
    <line>
      <![CDATA[Your review given successfully]]>
    </line>
    <line>
      <![CDATA[Checkbox checked successfully]]>
    </line>
  </reporter-output>
  <suite name="Suite" duration-ms="84757" started-at="2020-01-02T14:46:03Z" finished-at="2020-01-02T14:47:28Z">
    <groups>
    </groups>
    <test name="Test" duration-ms="84757" started-at="2020-01-02T14:46:03Z" finished-at="2020-01-02T14:47:28Z">
      <class name="com.testcases.iPhonePriceCheckerTest">
        <test-method status="PASS" signature="setUp()[pri:0, instance:com.testcases.iPhonePriceCheckerTest@27c6e487]" name="setUp" is-config="true" duration-ms="12705" started-at="2020-01-02T14:46:03Z" finished-at="2020-01-02T14:46:16Z">
          <reporter-output>
          </reporter-output>
        </test-method> <!-- setUp -->
        <test-method status="PASS" signature="verify_iPhone_XR_64GB_yellow_price_Test()[pri:0, instance:com.testcases.iPhonePriceCheckerTest@27c6e487]" name="verify_iPhone_XR_64GB_yellow_price_Test" duration-ms="19549" started-at="2020-01-02T14:46:16Z" finished-at="2020-01-02T14:46:35Z">
          <reporter-output>
            <line>
              <![CDATA[iPhone XR (64GB) - Yellow Price Result: ]]>
            </line>
            <line>
              <![CDATA[Amazon price(47900) is less than Flipkart price(53999)]]>
            </line>
          </reporter-output>
        </test-method> <!-- verify_iPhone_XR_64GB_yellow_price_Test -->
        <test-method status="PASS" signature="tearDown()[pri:0, instance:com.testcases.iPhonePriceCheckerTest@27c6e487]" name="tearDown" is-config="true" duration-ms="911" started-at="2020-01-02T14:46:35Z" finished-at="2020-01-02T14:46:36Z">
          <reporter-output>
          </reporter-output>
        </test-method> <!-- tearDown -->
      </class> <!-- com.testcases.iPhonePriceCheckerTest -->
      <class name="com.testcases.TripAdviserTest">
        <test-method status="PASS" signature="setUp()[pri:0, instance:com.testcases.TripAdviserTest@49070868]" name="setUp" is-config="true" duration-ms="10407" started-at="2020-01-02T14:46:36Z" finished-at="2020-01-02T14:46:47Z">
          <reporter-output>
          </reporter-output>
        </test-method> <!-- setUp -->
        <test-method status="PASS" signature="verify_Write_a_review_for_the_given_input_Test()[pri:0, instance:com.testcases.TripAdviserTest@49070868]" name="verify_Write_a_review_for_the_given_input_Test" duration-ms="39767" started-at="2020-01-02T14:46:47Z" finished-at="2020-01-02T14:47:26Z">
          <reporter-output>
            <line>
              <![CDATA[5 star rating given successfully]]>
            </line>
            <line>
              <![CDATA[Title of your review given successfully]]>
            </line>
            <line>
              <![CDATA[Your review given successfully]]>
            </line>
            <line>
              <![CDATA[Checkbox checked successfully]]>
            </line>
          </reporter-output>
        </test-method> <!-- verify_Write_a_review_for_the_given_input_Test -->
        <test-method status="PASS" signature="tearDown()[pri:0, instance:com.testcases.TripAdviserTest@49070868]" name="tearDown" is-config="true" duration-ms="1352" started-at="2020-01-02T14:47:26Z" finished-at="2020-01-02T14:47:28Z">
          <reporter-output>
          </reporter-output>
        </test-method> <!-- tearDown -->
      </class> <!-- com.testcases.TripAdviserTest -->
    </test> <!-- Test -->
  </suite> <!-- Suite -->
</testng-results>
