<?xml version="1.0" encoding="UTF-8"?>
<testng-results skipped="0" failed="0" ignored="0" total="2" passed="2">
  <reporter-output>
    <line>
      <![CDATA[iPhone XR (64GB) - Yellow Price Result: ]]>
    </line>
    <line>
      <![CDATA[Amazon price(47900) is less than Flipkart price(53999)]]>
    </line>
    <line>
      <![CDATA[5 star rating given successfully]]>
    </line>
    <line>
      <![CDATA[Title of your review given successfully]]>
    </line>
    <line>
      <![CDATA[Your review given successfully]]>
    </line>
    <line>
      <![CDATA[Checkbox checked successfully]]>
    </line>
  </reporter-output>
  <suite name="Suite" duration-ms="115031" started-at="2020-01-02T13:51:59Z" finished-at="2020-01-02T13:53:54Z">
    <groups>
    </groups>
    <test name="Test" duration-ms="115031" started-at="2020-01-02T13:51:59Z" finished-at="2020-01-02T13:53:54Z">
      <class name="com.testcases.iPhonePriceCheckerTest">
        <test-method status="PASS" signature="setUp()[pri:0, instance:com.testcases.iPhonePriceCheckerTest@16aa0a0a]" name="setUp" is-config="true" duration-ms="17378" started-at="2020-01-02T13:51:59Z" finished-at="2020-01-02T13:52:17Z">
          <reporter-output>
          </reporter-output>
        </test-method> <!-- setUp -->
        <test-method status="PASS" signature="verify_iPhone_XR_64GB_yellow_price_Test()[pri:0, instance:com.testcases.iPhonePriceCheckerTest@16aa0a0a]" name="verify_iPhone_XR_64GB_yellow_price_Test" duration-ms="34578" started-at="2020-01-02T13:52:17Z" finished-at="2020-01-02T13:52:51Z">
          <reporter-output>
            <line>
              <![CDATA[iPhone XR (64GB) - Yellow Price Result: ]]>
            </line>
            <line>
              <![CDATA[Amazon price(47900) is less than Flipkart price(53999)]]>
            </line>
          </reporter-output>
        </test-method> <!-- verify_iPhone_XR_64GB_yellow_price_Test -->
        <test-method status="PASS" signature="tearDown()[pri:0, instance:com.testcases.iPhonePriceCheckerTest@16aa0a0a]" name="tearDown" is-config="true" duration-ms="1295" started-at="2020-01-02T13:52:51Z" finished-at="2020-01-02T13:52:53Z">
          <reporter-output>
          </reporter-output>
        </test-method> <!-- tearDown -->
      </class> <!-- com.testcases.iPhonePriceCheckerTest -->
      <class name="com.testcases.TripAdviserTest">
        <test-method status="PASS" signature="setUp()[pri:0, instance:com.testcases.TripAdviserTest@780cb77]" name="setUp" is-config="true" duration-ms="14817" started-at="2020-01-02T13:52:53Z" finished-at="2020-01-02T13:53:08Z">
          <reporter-output>
          </reporter-output>
        </test-method> <!-- setUp -->
        <test-method status="PASS" signature="verify_Write_a_review_for_the_given_input_Test()[pri:0, instance:com.testcases.TripAdviserTest@780cb77]" name="verify_Write_a_review_for_the_given_input_Test" duration-ms="45594" started-at="2020-01-02T13:53:08Z" finished-at="2020-01-02T13:53:53Z">
          <reporter-output>
            <line>
              <![CDATA[5 star rating given successfully]]>
            </line>
            <line>
              <![CDATA[Title of your review given successfully]]>
            </line>
            <line>
              <![CDATA[Your review given successfully]]>
            </line>
            <line>
              <![CDATA[Checkbox checked successfully]]>
            </line>
          </reporter-output>
        </test-method> <!-- verify_Write_a_review_for_the_given_input_Test -->
        <test-method status="PASS" signature="tearDown()[pri:0, instance:com.testcases.TripAdviserTest@780cb77]" name="tearDown" is-config="true" duration-ms="1218" started-at="2020-01-02T13:53:53Z" finished-at="2020-01-02T13:53:54Z">
          <reporter-output>
          </reporter-output>
        </test-method> <!-- tearDown -->
      </class> <!-- com.testcases.TripAdviserTest -->
    </test> <!-- Test -->
  </suite> <!-- Suite -->
</testng-results>
